Wilcoxon
-
-
-
-
+
-
-
-
-
-
=
-
-
+
-
-
-
-
-
-
+
+
+
+
=
+
+
=
-
-
-
+
+
+
+
+
+
-
=
-
DE
3.786532e-28 / 5.162905e+00 / 2.250458e+01
1.528497e-26 / 8.512420e+01 / 3.710478e+02
1.446568e-13 / 5.979869e-01 / 1.423493e+00
1.798561e-13 / 4.970533e+00 / 8.609449e+00
2.018918e+01 / 2.049085e+01 / 1.212159e-01
0.000000e+00 / 0.000000e+00 / 0.000000e+00
4.418053e-31 / 1.521520e-28 / 5.147709e-28
5.008233e-14 / 2.303390e+00 / 1.587490e+00
4.974795e+00 / 1.786870e+01 / 1.190267e+01
2.000000e+00 / 6.191312e+00 / 1.885284e+00
2.951750e+02 / 8.656826e+02 / 3.108391e+02
9.085584e-28 / 1.252272e-24 / 2.253220e-24
-1.529778e+04 / -1.014285e+04 / 3.755894e+03
5.529445e-15 / 5.904466e-13 / 8.461213e-13
4.189246e-09 / 3.892815e-08 / 3.735676e-08
6.001242e+01 / 6.572283e+01 / 5.957743e+00
2.171930e+01 / 2.807914e+01 / 2.774446e+00
2.090363e-03 / 8.918673e+00 / 2.154819e+01
6.085723e-01 / 4.842805e+00 / 2.043162e+00
1.936622e-15 / 3.658748e+02 / 5.309650e+02
7.939615e+01 / 1.525401e+02 / 5.628649e+01
7.386889e+02 / 2.020542e+03 / 1.160569e+03
6.553656e+05 / 5.268093e+06 / 3.582337e+06
1.993950e+01 / 1.995344e+01 / 5.860781e-03
2.088711e+01 / 2.099123e+01 / 4.427440e-02
1.326069e-15 / 5.358420e-13 / 8.727396e-13
4.318380e-04 / 9.905167e-04 / 4.784578e-04
1.246770e+02 / 1.706349e+02 / 2.726850e+01
2.179661e+02 / 2.641202e+02 / 1.757279e+01
5.478000e+03 / 1.343770e+04 / 6.111995e+03
2.992565e+03 / 4.545464e+03 / 6.810837e+02
3.856571e+00 / 1.618112e+01 / 9.342494e+00
-2.875238e+02 / 2.990578e+01 / 1.320975e+02
6.681220e+00 / 1.530038e+01 / 7.710194e+00
3.363639e+01 / 6.730146e+01 / 1.594423e+01
2.947296e+06 / 5.705922e+06 / 1.676771e+06
2.615947e+05 / 1.047101e+06 / 4.425929e+05
3.858088e+03 / 6.397470e+03 / 1.521749e+03
3.742362e+01 / 3.977384e+01 / 1.257634e+00
4.088146e+04 / 1.665204e+05 / 8.778560e+04
CDE
2.108143e-17 / 1.042496e-16 / 3.174297e-17
5.007940e-16 / 8.291468e-16 / 2.686562e-16
8.381112e+00 / 6.310044e+02 / 1.178098e+03
8.323688e+00 / 1.177680e+01 / 2.952125e+00
2.000000e+01 / 2.023154e+01 / 3.024076e-01
1.289139e-43 / 7.580105e-39 / 2.129041e-38
9.442477e-13 / 2.521758e-09 / 5.239862e-09
7.959662e+00 / 3.432594e+01 / 1.947028e+01
2.288516e+01 / 5.005782e+01 / 2.066804e+01
3.964750e+03 / 2.611012e+04 / 1.877720e+04
-1.594480e+02 / 1.112993e+03 / 6.533063e+02
6.672443e-08 / 7.828838e-05 / 1.079707e-04
-7.213586e+03 / -3.981884e+03 / 1.333442e+03
8.816735e-32 / 3.435128e-30 / 4.448965e-30
9.504146e+00 / 2.609298e+01 / 1.033568e+01
6.362232e+01 / 7.168721e+01 / 4.295902e+00
2.276476e+01 / 2.976079e+01 / 2.581955e+00
1.047475e+03 / 2.770175e+03 / 1.294392e+03
9.135970e+00 / 1.140764e+01 / 1.337907e+00
1.758520e+03 / 5.037816e+04 / 3.616169e+04
7.502518e-15 / 1.472311e-14 / 6.678358e-15
6.518807e-13 / 2.581711e-12 / 2.546013e-12
1.262631e+02 / 9.568161e+06 / 4.170508e+07
8.055215e+00 / 1.228769e+01 / 1.997143e+00
2.000000e+01 / 2.058321e+01 / 5.344248e-01
4.243391e-25 / 1.610949e-07 / 7.021962e-07
3.515531e-08 / 3.361745e-07 / 3.340170e-07
9.452089e+01 / 1.561856e+02 / 4.526593e+01
1.900383e+02 / 3.454274e+02 / 1.035998e+02
4.593375e+04 / 9.786924e+04 / 3.265797e+04
4.599059e+03 / 6.849647e+03 / 7.299829e+02
5.747638e-04 / 9.630590e-03 / 7.592199e-03
-1.148543e+03 / -2.465814e+02 / 3.726939e+02
6.056908e-19 / 2.234664e-18 / 1.260495e-18
3.119044e+01 / 4.368197e+01 / 9.243238e+00
7.612814e+01 / 8.341984e+01 / 3.766173e+00
7.491973e+01 / 8.782269e+01 / 6.649641e+00
4.340974e+03 / 8.044608e+03 / 1.877633e+03
2.858150e+01 / 3.998780e+01 / 3.798357e+00
3.123150e+05 / 1.352564e+06 / 5.500474e+05
