1 1
2 2
3 2
4 2
5 2
6 2
7 2
8 3
9 3
10 4
11 4
12 6
13 5
14 5
15 6
16 6
17 7
18 7
19 8
20 9
21 8
22 9
23 10
24 11
25 12
26 12
27 13
28 16
29 14
30 15
31 17
32 17
33 18
34 20
35 20
36 20
37 22
38 23
39 26
40 26
41 26
42 26
43 29
44 31
45 32
46 33
47 33
48 36
49 36
50 41
51 22
52 14
53 15
54 14
55 16
56 15
57 16
58 16
59 16
60 18
61 17
62 18
63 18
64 19
65 20
66 19
67 21
68 21
69 22
70 22
71 23
72 23
73 24
74 24
75 26
76 25
77 25
78 26
79 26
80 27
81 27
82 29
83 31
84 29
85 30
86 31
87 31
88 32
89 35
90 34
91 35
92 36
93 36
94 40
95 40
96 40
97 40
98 43
99 41
100 44
101 43
102 46
103 46
104 48
105 48
106 49
107 47
108 48
109 49
110 50
111 50
112 55
113 55
114 54
115 56
116 55
117 60
118 56
119 59
120 58
121 59
122 61
123 61
124 61
125 64
126 67
127 63
128 67
129 67
130 68
131 71
132 69
133 72
134 72
135 74
136 74
137 74
138 77
139 80
140 83
141 83
142 86
143 81
144 84
145 83
146 88
147 86
148 86
149 88
150 93
151 92
152 93
153 93
154 93
155 97
156 98
157 96
158 102
159 101
160 103
161 111
162 107
163 111
164 107
165 108
166 111
167 112
168 114
169 117
170 115
171 116
172 116
173 124
174 119
175 120
176 127
177 125
178 129
179 127
180 123
181 132
182 134
183 135
184 136
185 132
186 137
187 143
188 155
189 143
190 146
191 143
192 148
193 145
194 151
195 149
196 155
197 152
198 160
199 161
200 157
201 165
202 166
203 162
204 172
205 167
206 169
207 176
208 172
209 180
210 173
211 184
212 178
213 179
214 186
215 187
216 192
217 187
218 187
219 187
220 188
221 198
222 195
223 195
224 201
225 209
226 207
227 205
228 208
229 209
230 217
231 211
232 213
233 213
234 220
235 219
236 222
237 221
238 240
239 221
240 227
241 230
242 239
243 238
244 236
245 239
246 235
247 240
248 244
249 253
250 250
251 247
252 252
253 255
254 258
255 254
256 262
257 267
258 273
259 270
260 267
261 268
262 278
263 280
264 270
265 277
266 293
267 288
268 288
269 291
270 284
271 294
272 291
273 285
274 301
275 300
276 305
277 306
278 303
279 312
280 304
281 312
282 317
283 327
284 318
285 322
286 335
287 324
288 332
289 333
290 334
291 332
292 337
293 334
294 340
295 343
296 353
297 351
298 354
299 357
300 355
301 363
302 362
303 366
304 371
305 370
306 366
307 379
308 378
309 375
310 376
311 380
312 380
313 388
314 392
315 392
316 397
317 411
318 400
319 403
320 405
321 404
322 412
323 423
324 412
325 420
326 417
327 424
328 437
329 456
330 443
331 439
332 435
333 446
334 438
335 441
336 442
337 460
338 455
339 454
340 455
341 465
342 450
343 465
344 477
345 472
346 472
347 472
348 481
349 482
350 500
351 487
352 490
353 496
354 503
355 509
356 506
357 512
358 512
359 520
360 516
361 526
362 511
363 528
364 537
365 526
366 526
367 527
368 535
369 540
370 569
371 544
372 540
373 550
374 551
375 559
376 562
377 558
378 564
379 570
380 576
381 568
382 572
383 584
384 586
385 590
386 585
387 605
388 591
389 598
390 594
391 606
392 599
393 616
394 616
395 621
396 612
397 616
398 639
399 640
400 648
401 642
402 638
403 639
404 635
405 646
406 656
407 666
408 662
409 657
410 670
411 686
412 667
413 683
414 681
415 677
416 687
417 694
418 678
419 703
420 707
421 709
422 700
423 721
424 710
425 722
426 725
427 728
428 715
429 730
430 751
431 748
432 735
433 738
434 765
435 743
436 761
437 760
438 765
439 768
440 759
441 783
442 799
443 785
444 776
445 787
446 792
447 831
448 784
449 809
450 799
451 795
452 813
453 827
454 843
455 825
456 823
457 832
458 824
459 821
460 833
461 855
462 852
463 839
464 837
465 852
466 850
467 870
468 868
469 867
470 868
471 897
472 894
473 890
474 895
475 888
476 902
477 889
478 914
479 912
480 904
481 903
482 908
483 924
484 929
485 920
486 947
487 934
488 955
489 944
490 952
491 956
492 954
493 957
494 985
495 991
496 972
497 976
498 963
499 1000
500 1017
501 994
502 1012
503 978
504 990
505 1010
506 1015
507 1018
508 1020
509 1024
510 1042
511 1020
512 1039
513 1034
514 1051
515 1038
516 1052
517 1046
518 1065
519 1061
520 1055
521 1069
522 1075
523 1079
524 1097
525 1091
526 1094
527 1104
528 1090
529 1098
530 1117
531 1129
532 1132
533 1113
534 1123
535 1124
536 1135
537 1132
538 1144
539 1144
540 1157
541 1163
542 1150
543 1158
544 1173
545 1178
546 1185
547 1185
548 1183
549 1193
550 1219
551 1227
552 1199
553 1220
554 1220
555 1214
556 1213
557 1204
558 1261
559 1216
560 1241
561 1251
562 1243
563 1266
564 1261
565 1254
566 1264
567 1251
568 1285
569 1269
570 1293
571 1273
572 1291
573 1298
574 1288
575 1308
576 1326
577 1324
578 1325
579 1340
580 1344
581 1341
582 1347
583 1381
584 1343
585 1336
586 1381
587 1357
588 1363
589 1385
590 1391
591 1384
592 1389
593 1397
594 1407
595 1404
596 1406
597 1408
598 1424
599 1408
600 1433
601 1437
602 1423
603 1451
604 1464
605 1451
606 1475
607 1459
608 1462
609 1458
610 1478
611 1487
612 1496
613 1464
614 1481
615 1498
616 1490
617 1499
618 1517
619 1500
620 1530
621 1532
622 1541
623 1543
624 1601
625 1948
626 1577
627 1557
628 1542
629 1551
630 1569
631 1589
632 1599
633 1570
634 1574
635 1570
636 1603
637 1601
638 1611
639 1584
640 1615
641 1634
642 1653
643 1659
644 1627
645 1645
646 1637
647 1673
648 1664
649 1657
650 1673
651 1653
652 1696
653 1679
654 1706
655 1672
656 1683
657 1713
658 1702
659 1715
660 1749
661 1729
662 1756
663 1705
664 1746
665 1740
666 1744
667 1778
668 1748
669 1765
670 1759
671 1784
672 1772
673 1780
674 1809
675 1793
676 1821
677 1830
678 1818
679 1817
680 1832
681 1827
682 1842
683 1856
684 1879
685 1868
686 1876
687 1855
688 1861
689 1864
690 1865
691 1873
692 1883
693 1925
694 1944
695 1917
696 1922
697 1943
698 1956
699 1922
700 1941
701 1952
702 1970
703 2003
704 1966
705 1969
706 1984
707 1974
708 2043
709 2016
710 1991
711 1999
712 2007
713 1980
714 2016
715 2030
716 2015
717 2051
718 2012
719 2029
720 2041
721 2035
722 2076
723 2047
724 2102
725 2076
726 2091
727 2118
728 2091
729 2092
730 2101
731 2097
732 2153
733 2138
734 2151
735 2135
736 2164
737 2176
738 2172
739 2201
740 2129
741 2153
742 2214
743 2257
744 2175
745 2195
746 2223
747 2234
748 2204
749 2214
750 2277
751 2243
752 2211
753 2208
754 2262
755 2254
756 2243
757 2263
758 2294
759 2237
760 2259
761 2274
762 2297
763 2310
764 2321
765 2284
766 2321
767 2311
768 2359
769 2361
770 2315
771 2351
772 2365
773 2345
774 2401
775 2417
776 2387
777 2390
778 2379
779 2355
780 2359
781 2439
782 2437
783 2427
784 2403
785 2442
786 2442
787 2455
788 2483
789 2479
790 2479
791 2537
792 2483
793 2493
794 2526
795 2466
796 2531
797 2505
798 2537
799 2504
800 2500
801 2562
802 2505
803 2525
804 2560
805 2583
806 2535
807 2531
808 2573
809 2592
810 2547
811 2645
812 2564
813 2601
814 2583
815 2636
816 2632
817 2610
818 2633
819 2621
820 2633
821 2658
822 2686
823 2710
824 2681
825 2679
826 2682
827 2731
828 2705
829 2720
830 2717
831 2723
832 2723
833 2762
834 2715
835 2764
836 2711
837 2737
838 2784
839 2763
840 2767
841 2788
842 2824
843 2786
844 2813
845 2823
846 2821
847 2861
848 2805
849 2849
850 2845
851 2863
852 2846
853 3364
854 2870
855 2888
856 2864
857 2883
858 2902
859 2914
860 2961
861 2963
862 2934
863 2936
864 2966
865 2938
866 2954
867 2955
868 3011
869 3021
870 2962
871 2940
872 3007
873 3002
874 3038
875 3034
876 3078
877 3005
878 3081
879 3123
880 3049
881 3050
882 3061
883 3093
884 3111
885 3052
886 3119
887 3140
888 3118
889 3110
890 3165
891 3146
892 3115
893 3162
894 3160
895 3151
896 3198
897 3162
898 3165
899 3206
900 3174
901 3201
902 3222
903 3226
904 3206
905 3269
906 3230
907 3230
908 3237
909 3286
910 3227
911 3253
912 3242
913 3258
914 3286
915 3290
916 3321
917 3342
918 3293
919 3360
920 3329
921 3352
922 3375
923 3351
924 3339
925 3317
926 3446
927 3340
928 3409
929 3391
930 3393
931 3396
932 3416
933 3426
934 3452
935 3432
936 3469
937 3500
938 3465
939 3522
940 3535
941 3477
942 3536
943 3503
944 3533
945 3559
946 3519
947 3517
948 3592
949 3635
950 3581
951 3564
952 3547
953 3648
954 3661
955 3580
956 3653
957 3629
958 3640
959 3614
960 3679
961 3638
962 3662
963 3636
964 3676
965 3696
966 3722
967 3742
968 3693
969 3741
970 3696
971 3733
972 3746
973 3716
974 3712
975 3729
976 3810
977 3778
978 3714
979 3812
980 3739
981 3896
982 3797
983 3836
984 3828
985 3846
986 3859
987 3861
988 3864
989 3862
990 3861
991 3862
992 3863
993 3908
994 3898
995 3848
996 3925
997 3940
998 3950
999 4609
1000 3935
